mode: set
github.com/pischarti/nix/go/pkg/config/kubeconfig.go:16.44,18.52 1 1
github.com/pischarti/nix/go/pkg/config/kubeconfig.go:18.52,20.3 1 0
github.com/pischarti/nix/go/pkg/config/kubeconfig.go:23.2,23.61 1 1
github.com/pischarti/nix/go/pkg/config/kubeconfig.go:23.61,25.3 1 1
github.com/pischarti/nix/go/pkg/config/kubeconfig.go:27.2,28.16 2 1
github.com/pischarti/nix/go/pkg/config/kubeconfig.go:28.16,30.3 1 0
github.com/pischarti/nix/go/pkg/config/kubeconfig.go:31.2,32.59 2 1
github.com/pischarti/nix/go/kube/main.go:17.13,26.2 3 0
github.com/pischarti/nix/go/kube/main.go:28.52,38.33 8 0
github.com/pischarti/nix/go/kube/main.go:38.33,40.14 2 0
github.com/pischarti/nix/go/kube/main.go:41.28,42.23 1 0
github.com/pischarti/nix/go/kube/main.go:42.23,45.5 2 0
github.com/pischarti/nix/go/kube/main.go:46.33,47.24 1 0
github.com/pischarti/nix/go/kube/main.go:48.19,49.16 1 0
github.com/pischarti/nix/go/kube/main.go:50.24,51.22 1 0
github.com/pischarti/nix/go/kube/main.go:52.18,53.23 1 0
github.com/pischarti/nix/go/kube/main.go:53.23,56.5 2 0
github.com/pischarti/nix/go/kube/main.go:57.17,58.23 1 0
github.com/pischarti/nix/go/kube/main.go:58.23,61.5 2 0
github.com/pischarti/nix/go/kube/main.go:62.23,64.19 2 0
github.com/pischarti/nix/go/kube/main.go:68.2,68.38 1 0
github.com/pischarti/nix/go/kube/main.go:68.38,70.3 1 0
github.com/pischarti/nix/go/kube/main.go:71.2,71.39 1 0
github.com/pischarti/nix/go/kube/main.go:71.39,73.3 1 0
github.com/pischarti/nix/go/kube/main.go:74.2,74.26 1 0
github.com/pischarti/nix/go/kube/main.go:74.26,76.3 1 0
github.com/pischarti/nix/go/kube/main.go:79.2,80.25 2 0
github.com/pischarti/nix/go/kube/main.go:80.25,82.3 1 0
github.com/pischarti/nix/go/kube/main.go:84.2,85.16 2 0
github.com/pischarti/nix/go/kube/main.go:85.16,87.3 1 0
github.com/pischarti/nix/go/kube/main.go:88.2,89.16 2 0
github.com/pischarti/nix/go/kube/main.go:89.16,91.3 1 0
github.com/pischarti/nix/go/kube/main.go:93.2,94.19 2 0
github.com/pischarti/nix/go/kube/main.go:94.19,96.3 1 0
github.com/pischarti/nix/go/kube/main.go:98.2,99.16 2 0
github.com/pischarti/nix/go/kube/main.go:99.16,101.3 1 0
github.com/pischarti/nix/go/kube/main.go:103.2,103.11 1 0
github.com/pischarti/nix/go/kube/main.go:103.11,104.46 1 0
github.com/pischarti/nix/go/kube/main.go:104.46,107.34 3 0
github.com/pischarti/nix/go/kube/main.go:107.34,109.5 1 0
github.com/pischarti/nix/go/kube/main.go:110.4,110.36 1 0
github.com/pischarti/nix/go/kube/main.go:112.3,112.34 1 0
github.com/pischarti/nix/go/kube/main.go:112.34,114.42 2 0
github.com/pischarti/nix/go/kube/main.go:114.42,115.22 1 0
github.com/pischarti/nix/go/kube/main.go:115.22,117.6 1 0
github.com/pischarti/nix/go/kube/main.go:119.4,119.46 1 0
github.com/pischarti/nix/go/kube/main.go:119.46,120.22 1 0
github.com/pischarti/nix/go/kube/main.go:120.22,122.6 1 0
github.com/pischarti/nix/go/kube/main.go:124.4,124.51 1 0
github.com/pischarti/nix/go/kube/main.go:124.51,125.22 1 0
github.com/pischarti/nix/go/kube/main.go:125.22,127.6 1 0
github.com/pischarti/nix/go/kube/main.go:129.4,129.24 1 0
github.com/pischarti/nix/go/kube/main.go:129.24,130.13 1 0
github.com/pischarti/nix/go/kube/main.go:132.4,134.31 3 0
github.com/pischarti/nix/go/kube/main.go:134.31,135.31 1 0
github.com/pischarti/nix/go/kube/main.go:135.31,136.14 1 0
github.com/pischarti/nix/go/kube/main.go:138.5,139.29 2 0
github.com/pischarti/nix/go/kube/main.go:141.4,141.80 1 0
github.com/pischarti/nix/go/kube/main.go:143.3,143.18 1 0
github.com/pischarti/nix/go/kube/main.go:147.2,147.34 1 0
github.com/pischarti/nix/go/kube/main.go:147.34,149.34 2 0
github.com/pischarti/nix/go/kube/main.go:149.34,150.42 1 0
github.com/pischarti/nix/go/kube/main.go:150.42,151.22 1 0
github.com/pischarti/nix/go/kube/main.go:151.22,153.6 1 0
github.com/pischarti/nix/go/kube/main.go:155.4,155.46 1 0
github.com/pischarti/nix/go/kube/main.go:155.46,156.22 1 0
github.com/pischarti/nix/go/kube/main.go:156.22,158.6 1 0
github.com/pischarti/nix/go/kube/main.go:160.4,160.51 1 0
github.com/pischarti/nix/go/kube/main.go:160.51,161.22 1 0
github.com/pischarti/nix/go/kube/main.go:161.22,163.6 1 0
github.com/pischarti/nix/go/kube/main.go:166.3,166.72 1 0
github.com/pischarti/nix/go/kube/main.go:167.8,170.34 2 0
github.com/pischarti/nix/go/kube/main.go:170.34,171.42 1 0
github.com/pischarti/nix/go/kube/main.go:171.42,172.22 1 0
github.com/pischarti/nix/go/kube/main.go:172.22,174.6 1 0
github.com/pischarti/nix/go/kube/main.go:176.4,176.46 1 0
github.com/pischarti/nix/go/kube/main.go:176.46,177.22 1 0
github.com/pischarti/nix/go/kube/main.go:177.22,179.6 1 0
github.com/pischarti/nix/go/kube/main.go:181.4,181.51 1 0
github.com/pischarti/nix/go/kube/main.go:181.51,182.22 1 0
github.com/pischarti/nix/go/kube/main.go:182.22,184.6 1 0
github.com/pischarti/nix/go/kube/main.go:188.3,188.18 1 0
github.com/pischarti/nix/go/kube/main.go:188.18,190.4 1 0
github.com/pischarti/nix/go/kube/main.go:190.9,192.4 1 0
github.com/pischarti/nix/go/kube/main.go:194.2,194.17 1 0
github.com/pischarti/nix/go/kube/main.go:197.121,199.29 2 1
github.com/pischarti/nix/go/kube/main.go:199.29,201.3 1 1
github.com/pischarti/nix/go/kube/main.go:204.2,204.16 1 1
github.com/pischarti/nix/go/kube/main.go:205.15,206.23 1 1
github.com/pischarti/nix/go/kube/main.go:207.19,210.23 1 0
github.com/pischarti/nix/go/kube/main.go:211.14,211.14 0 0
github.com/pischarti/nix/go/kube/main.go:213.10,214.23 1 0
github.com/pischarti/nix/go/kube/main.go:218.2,222.15 3 1
github.com/pischarti/nix/go/kube/main.go:223.16,224.33 1 1
github.com/pischarti/nix/go/kube/main.go:225.13,226.32 1 0
github.com/pischarti/nix/go/kube/main.go:227.17,228.33 1 0
github.com/pischarti/nix/go/kube/main.go:229.26,230.39 1 0
github.com/pischarti/nix/go/kube/main.go:231.10,232.39 1 0
github.com/pischarti/nix/go/kube/main.go:236.2,240.39 3 1
github.com/pischarti/nix/go/kube/main.go:240.39,242.3 1 0
github.com/pischarti/nix/go/kube/main.go:245.2,245.29 1 1
github.com/pischarti/nix/go/kube/main.go:245.29,247.3 1 1
github.com/pischarti/nix/go/kube/main.go:250.2,250.12 1 1
github.com/pischarti/nix/go/kube/main.go:253.103,261.41 3 1
github.com/pischarti/nix/go/kube/main.go:261.41,263.3 1 1
github.com/pischarti/nix/go/kube/main.go:266.2,266.16 1 1
github.com/pischarti/nix/go/kube/main.go:267.15,268.47 1 0
github.com/pischarti/nix/go/kube/main.go:268.47,270.4 1 0
github.com/pischarti/nix/go/kube/main.go:271.19,272.47 1 1
github.com/pischarti/nix/go/kube/main.go:272.47,273.60 1 1
github.com/pischarti/nix/go/kube/main.go:273.60,275.5 1 1
github.com/pischarti/nix/go/kube/main.go:276.4,276.62 1 1
github.com/pischarti/nix/go/kube/main.go:278.14,278.14 0 0
github.com/pischarti/nix/go/kube/main.go:280.10,281.47 1 0
github.com/pischarti/nix/go/kube/main.go:281.47,282.60 1 0
github.com/pischarti/nix/go/kube/main.go:282.60,284.5 1 0
github.com/pischarti/nix/go/kube/main.go:285.4,285.62 1 0
github.com/pischarti/nix/go/kube/main.go:290.2,294.15 3 1
github.com/pischarti/nix/go/kube/main.go:295.16,296.33 1 1
github.com/pischarti/nix/go/kube/main.go:297.13,298.32 1 0
github.com/pischarti/nix/go/kube/main.go:299.17,300.33 1 0
github.com/pischarti/nix/go/kube/main.go:301.26,302.39 1 0
github.com/pischarti/nix/go/kube/main.go:303.10,304.39 1 0
github.com/pischarti/nix/go/kube/main.go:308.2,311.35 2 1
github.com/pischarti/nix/go/kube/main.go:311.35,313.3 1 1
github.com/pischarti/nix/go/kube/main.go:316.2,316.12 1 1
github.com/pischarti/nix/go/kube/main.go:319.68,321.29 2 1
github.com/pischarti/nix/go/kube/main.go:321.29,323.3 1 1
github.com/pischarti/nix/go/kube/main.go:326.2,326.16 1 1
github.com/pischarti/nix/go/kube/main.go:327.15,328.23 1 1
github.com/pischarti/nix/go/kube/main.go:329.19,331.23 1 0
github.com/pischarti/nix/go/kube/main.go:332.14,332.14 0 0
github.com/pischarti/nix/go/kube/main.go:334.10,335.23 1 0
github.com/pischarti/nix/go/kube/main.go:338.2,338.29 1 1
github.com/pischarti/nix/go/kube/main.go:338.29,340.3 1 1
github.com/pischarti/nix/go/kube/main.go:343.24,354.2 10 1
