mode: set
github.com/pischarti/nix/go/kaws/main.go:23.48,25.4 1 0
github.com/pischarti/nix/go/kaws/main.go:32.13,33.28 1 0
github.com/pischarti/nix/go/kaws/main.go:33.28,34.52 1 0
github.com/pischarti/nix/go/kaws/main.go:34.52,37.4 2 0
github.com/pischarti/nix/go/kaws/main.go:41.2,55.48 8 0
github.com/pischarti/nix/go/kaws/main.go:55.48,57.4 1 0
github.com/pischarti/nix/go/kaws/main.go:61.2,64.47 4 0
github.com/pischarti/nix/go/kaws/main.go:67.13,68.42 1 0
github.com/pischarti/nix/go/kaws/main.go:68.42,71.3 2 0
github.com/pischarti/nix/go/kaws/cmd/aws/aws.go:9.33,20.2 3 0
github.com/pischarti/nix/go/kaws/cmd/aws/ngs/ngs.go:18.33,45.2 5 0
github.com/pischarti/nix/go/kaws/cmd/aws/ngs/ngs.go:48.54,55.27 5 0
github.com/pischarti/nix/go/kaws/cmd/aws/ngs/ngs.go:55.27,58.3 1 0
github.com/pischarti/nix/go/kaws/cmd/aws/ngs/ngs.go:60.2,60.13 1 0
github.com/pischarti/nix/go/kaws/cmd/aws/ngs/ngs.go:60.13,62.19 2 0
github.com/pischarti/nix/go/kaws/cmd/aws/ngs/ngs.go:62.19,64.4 1 0
github.com/pischarti/nix/go/kaws/cmd/aws/ngs/ngs.go:65.3,65.24 1 0
github.com/pischarti/nix/go/kaws/cmd/aws/ngs/ngs.go:65.24,67.4 1 0
github.com/pischarti/nix/go/kaws/cmd/aws/ngs/ngs.go:71.2,72.81 2 0
github.com/pischarti/nix/go/kaws/cmd/aws/ngs/ngs.go:72.81,73.19 1 0
github.com/pischarti/nix/go/kaws/cmd/aws/ngs/ngs.go:73.19,75.4 1 0
github.com/pischarti/nix/go/kaws/cmd/aws/ngs/ngs.go:76.3,76.13 1 0
github.com/pischarti/nix/go/kaws/cmd/aws/ngs/ngs.go:78.2,78.16 1 0
github.com/pischarti/nix/go/kaws/cmd/aws/ngs/ngs.go:78.16,80.3 1 0
github.com/pischarti/nix/go/kaws/cmd/aws/ngs/ngs.go:83.2,87.16 3 0
github.com/pischarti/nix/go/kaws/cmd/aws/ngs/ngs.go:87.16,89.3 1 0
github.com/pischarti/nix/go/kaws/cmd/aws/ngs/ngs.go:92.2,92.26 1 0
github.com/pischarti/nix/go/kaws/cmd/aws/ngs/ngs.go:92.26,95.3 2 0
github.com/pischarti/nix/go/kaws/cmd/aws/ngs/ngs.go:97.2,100.12 3 0
github.com/pischarti/nix/go/kaws/cmd/aws/ngs/ngs.go:104.64,116.32 5 0
github.com/pischarti/nix/go/kaws/cmd/aws/ngs/ngs.go:116.32,123.3 1 0
github.com/pischarti/nix/go/kaws/cmd/aws/ngs/ngs.go:125.2,125.12 1 0
github.com/pischarti/nix/go/kaws/cmd/aws/ngs/recycle/ngs.go:25.37,50.2 5 0
github.com/pischarti/nix/go/kaws/cmd/aws/ngs/recycle/ngs.go:53.58,61.30 6 0
github.com/pischarti/nix/go/kaws/cmd/aws/ngs/recycle/ngs.go:61.30,63.3 1 0
github.com/pischarti/nix/go/kaws/cmd/aws/ngs/recycle/ngs.go:65.2,65.13 1 0
github.com/pischarti/nix/go/kaws/cmd/aws/ngs/recycle/ngs.go:65.13,69.3 3 0
github.com/pischarti/nix/go/kaws/cmd/aws/ngs/recycle/ngs.go:72.2,73.81 2 0
github.com/pischarti/nix/go/kaws/cmd/aws/ngs/recycle/ngs.go:73.81,74.19 1 0
github.com/pischarti/nix/go/kaws/cmd/aws/ngs/recycle/ngs.go:74.19,76.4 1 0
github.com/pischarti/nix/go/kaws/cmd/aws/ngs/recycle/ngs.go:77.3,77.13 1 0
github.com/pischarti/nix/go/kaws/cmd/aws/ngs/recycle/ngs.go:79.2,79.16 1 0
github.com/pischarti/nix/go/kaws/cmd/aws/ngs/recycle/ngs.go:79.16,81.3 1 0
github.com/pischarti/nix/go/kaws/cmd/aws/ngs/recycle/ngs.go:84.2,88.40 3 0
github.com/pischarti/nix/go/kaws/cmd/aws/ngs/recycle/ngs.go:88.40,91.109 2 0
github.com/pischarti/nix/go/kaws/cmd/aws/ngs/recycle/ngs.go:91.109,93.4 1 0
github.com/pischarti/nix/go/kaws/cmd/aws/ngs/recycle/ngs.go:95.3,95.67 1 0
github.com/pischarti/nix/go/kaws/cmd/aws/ngs/recycle/ngs.go:98.2,98.12 1 0
github.com/pischarti/nix/go/kaws/cmd/aws/ngs/recycle/ngs.go:102.170,106.16 3 0
github.com/pischarti/nix/go/kaws/cmd/aws/ngs/recycle/ngs.go:106.16,108.3 1 0
github.com/pischarti/nix/go/kaws/cmd/aws/ngs/recycle/ngs.go:110.2,115.66 4 0
github.com/pischarti/nix/go/kaws/cmd/aws/ngs/recycle/ngs.go:115.66,117.3 1 0
github.com/pischarti/nix/go/kaws/cmd/aws/ngs/recycle/ngs.go:120.2,124.49 2 0
github.com/pischarti/nix/go/kaws/cmd/aws/ngs/recycle/ngs.go:124.49,126.3 1 0
github.com/pischarti/nix/go/kaws/cmd/aws/ngs/recycle/ngs.go:128.2,132.133 3 0
github.com/pischarti/nix/go/kaws/cmd/aws/ngs/recycle/ngs.go:132.133,134.3 1 0
github.com/pischarti/nix/go/kaws/cmd/aws/ngs/recycle/ngs.go:137.2,138.144 2 0
github.com/pischarti/nix/go/kaws/cmd/aws/ngs/recycle/ngs.go:138.144,140.3 1 0
github.com/pischarti/nix/go/kaws/cmd/aws/ngs/recycle/ngs.go:142.2,144.12 2 0
github.com/pischarti/nix/go/kaws/cmd/aws/ngs/recycle/ngs.go:148.114,154.16 3 0
github.com/pischarti/nix/go/kaws/cmd/aws/ngs/recycle/ngs.go:154.16,156.3 1 0
github.com/pischarti/nix/go/kaws/cmd/aws/ngs/recycle/ngs.go:158.2,158.40 1 0
github.com/pischarti/nix/go/kaws/cmd/aws/ngs/recycle/ngs.go:158.40,160.3 1 0
github.com/pischarti/nix/go/kaws/cmd/aws/ngs/recycle/ngs.go:162.2,173.41 4 0
github.com/pischarti/nix/go/kaws/cmd/aws/ngs/recycle/ngs.go:173.41,174.33 1 0
github.com/pischarti/nix/go/kaws/cmd/aws/ngs/recycle/ngs.go:174.33,176.4 1 0
github.com/pischarti/nix/go/kaws/cmd/aws/ngs/recycle/ngs.go:179.2,179.33 1 0
github.com/pischarti/nix/go/kaws/cmd/aws/ngs/recycle/ngs.go:183.111,192.16 3 0
github.com/pischarti/nix/go/kaws/cmd/aws/ngs/recycle/ngs.go:192.16,194.3 1 0
github.com/pischarti/nix/go/kaws/cmd/aws/ngs/recycle/ngs.go:196.2,197.12 2 0
github.com/pischarti/nix/go/kaws/cmd/aws/ngs/recycle/ngs.go:201.191,202.27 1 0
github.com/pischarti/nix/go/kaws/cmd/aws/ngs/recycle/ngs.go:202.27,204.3 1 0
github.com/pischarti/nix/go/kaws/cmd/aws/ngs/recycle/ngs.go:206.2,210.6 4 0
github.com/pischarti/nix/go/kaws/cmd/aws/ngs/recycle/ngs.go:210.6,211.10 1 0
github.com/pischarti/nix/go/kaws/cmd/aws/ngs/recycle/ngs.go:212.21,213.20 1 0
github.com/pischarti/nix/go/kaws/cmd/aws/ngs/recycle/ngs.go:214.30,215.76 1 0
github.com/pischarti/nix/go/kaws/cmd/aws/ngs/recycle/ngs.go:216.19,223.18 3 0
github.com/pischarti/nix/go/kaws/cmd/aws/ngs/recycle/ngs.go:223.18,224.16 1 0
github.com/pischarti/nix/go/kaws/cmd/aws/ngs/recycle/ngs.go:224.16,226.6 1 0
github.com/pischarti/nix/go/kaws/cmd/aws/ngs/recycle/ngs.go:227.5,227.13 1 0
github.com/pischarti/nix/go/kaws/cmd/aws/ngs/recycle/ngs.go:230.4,233.52 3 0
github.com/pischarti/nix/go/kaws/cmd/aws/ngs/recycle/ngs.go:233.52,234.52 1 0
github.com/pischarti/nix/go/kaws/cmd/aws/ngs/recycle/ngs.go:234.52,239.47 4 0
github.com/pischarti/nix/go/kaws/cmd/aws/ngs/recycle/ngs.go:239.47,240.35 1 0
github.com/pischarti/nix/go/kaws/cmd/aws/ngs/recycle/ngs.go:240.35,242.13 2 0
github.com/pischarti/nix/go/kaws/cmd/aws/ngs/recycle/ngs.go:246.6,246.24 1 0
github.com/pischarti/nix/go/kaws/cmd/aws/ngs/recycle/ngs.go:246.24,248.7 1 0
github.com/pischarti/nix/go/kaws/cmd/aws/ngs/recycle/ngs.go:252.4,252.15 1 0
github.com/pischarti/nix/go/kaws/cmd/aws/ngs/recycle/ngs.go:252.15,254.5 1 0
github.com/pischarti/nix/go/kaws/cmd/aws/ngs/recycle/ngs.go:254.10,256.5 1 0
github.com/pischarti/nix/go/kaws/cmd/aws/ngs/recycle/ngs.go:258.4,258.24 1 0
github.com/pischarti/nix/go/kaws/cmd/aws/ngs/recycle/ngs.go:258.24,259.17 1 0
github.com/pischarti/nix/go/kaws/cmd/aws/ngs/recycle/ngs.go:259.17,261.6 1 0
github.com/pischarti/nix/go/kaws/cmd/aws/ngs/recycle/ngs.go:262.5,262.15 1 0
github.com/pischarti/nix/go/kaws/cmd/aws/ngs/recycle/ngs.go:269.193,274.6 4 0
github.com/pischarti/nix/go/kaws/cmd/aws/ngs/recycle/ngs.go:274.6,275.10 1 0
github.com/pischarti/nix/go/kaws/cmd/aws/ngs/recycle/ngs.go:276.21,277.20 1 0
github.com/pischarti/nix/go/kaws/cmd/aws/ngs/recycle/ngs.go:278.30,279.58 1 0
github.com/pischarti/nix/go/kaws/cmd/aws/ngs/recycle/ngs.go:280.19,287.18 3 0
github.com/pischarti/nix/go/kaws/cmd/aws/ngs/recycle/ngs.go:287.18,288.16 1 0
github.com/pischarti/nix/go/kaws/cmd/aws/ngs/recycle/ngs.go:288.16,290.6 1 0
github.com/pischarti/nix/go/kaws/cmd/aws/ngs/recycle/ngs.go:291.5,291.13 1 0
github.com/pischarti/nix/go/kaws/cmd/aws/ngs/recycle/ngs.go:294.4,294.42 1 0
github.com/pischarti/nix/go/kaws/cmd/aws/ngs/recycle/ngs.go:294.42,295.13 1 0
github.com/pischarti/nix/go/kaws/cmd/aws/ngs/recycle/ngs.go:298.4,301.45 3 0
github.com/pischarti/nix/go/kaws/cmd/aws/ngs/recycle/ngs.go:301.45,304.44 2 0
github.com/pischarti/nix/go/kaws/cmd/aws/ngs/recycle/ngs.go:304.44,305.36 1 0
github.com/pischarti/nix/go/kaws/cmd/aws/ngs/recycle/ngs.go:305.36,307.7 1 0
github.com/pischarti/nix/go/kaws/cmd/aws/ngs/recycle/ngs.go:310.5,310.29 1 0
github.com/pischarti/nix/go/kaws/cmd/aws/ngs/recycle/ngs.go:310.29,316.20 3 0
github.com/pischarti/nix/go/kaws/cmd/aws/ngs/recycle/ngs.go:316.20,320.58 3 0
github.com/pischarti/nix/go/kaws/cmd/aws/ngs/recycle/ngs.go:320.58,321.55 1 0
github.com/pischarti/nix/go/kaws/cmd/aws/ngs/recycle/ngs.go:321.55,325.67 3 0
github.com/pischarti/nix/go/kaws/cmd/aws/ngs/recycle/ngs.go:325.67,327.10 1 0
github.com/pischarti/nix/go/kaws/cmd/aws/ngs/recycle/ngs.go:331.7,331.18 1 0
github.com/pischarti/nix/go/kaws/cmd/aws/ngs/recycle/ngs.go:331.18,335.8 1 0
github.com/pischarti/nix/go/kaws/cmd/aws/ngs/recycle/ngs.go:335.13,337.8 1 0
github.com/pischarti/nix/go/kaws/cmd/aws/ngs/recycle/ngs.go:339.7,339.40 1 0
github.com/pischarti/nix/go/kaws/cmd/aws/ngs/recycle/ngs.go:339.40,340.20 1 0
github.com/pischarti/nix/go/kaws/cmd/aws/ngs/recycle/ngs.go:340.20,342.9 1 0
github.com/pischarti/nix/go/kaws/cmd/aws/ngs/recycle/ngs.go:343.8,344.18 2 0
github.com/pischarti/nix/go/kaws/cmd/aws/ngs/recycle/ngs.go:348.10,349.16 1 0
github.com/pischarti/nix/go/kaws/cmd/aws/ngs/recycle/ngs.go:349.16,353.6 1 0
github.com/pischarti/nix/go/kaws/cmd/aws/ngs/recycle/ngs.go:353.11,355.6 1 0
github.com/pischarti/nix/go/kaws/cmd/kube/kube.go:9.34,20.2 3 0
github.com/pischarti/nix/go/kaws/api/v1alpha1/eventrecycler_types.go:91.13,93.2 1 0
github.com/pischarti/nix/go/kaws/api/v1alpha1/zz_generated.deepcopy.go:13.59,19.2 5 0
github.com/pischarti/nix/go/kaws/api/v1alpha1/zz_generated.deepcopy.go:22.52,23.15 1 0
github.com/pischarti/nix/go/kaws/api/v1alpha1/zz_generated.deepcopy.go:23.15,25.3 1 0
github.com/pischarti/nix/go/kaws/api/v1alpha1/zz_generated.deepcopy.go:26.2,28.12 3 0
github.com/pischarti/nix/go/kaws/api/v1alpha1/zz_generated.deepcopy.go:32.58,33.34 1 0
github.com/pischarti/nix/go/kaws/api/v1alpha1/zz_generated.deepcopy.go:33.34,35.3 1 0
github.com/pischarti/nix/go/kaws/api/v1alpha1/zz_generated.deepcopy.go:36.2,36.12 1 0
github.com/pischarti/nix/go/kaws/api/v1alpha1/zz_generated.deepcopy.go:40.67,44.21 4 0
github.com/pischarti/nix/go/kaws/api/v1alpha1/zz_generated.deepcopy.go:44.21,47.22 3 0
github.com/pischarti/nix/go/kaws/api/v1alpha1/zz_generated.deepcopy.go:47.22,49.4 1 0
github.com/pischarti/nix/go/kaws/api/v1alpha1/zz_generated.deepcopy.go:54.60,55.15 1 0
github.com/pischarti/nix/go/kaws/api/v1alpha1/zz_generated.deepcopy.go:55.15,57.3 1 0
github.com/pischarti/nix/go/kaws/api/v1alpha1/zz_generated.deepcopy.go:58.2,60.12 3 0
github.com/pischarti/nix/go/kaws/api/v1alpha1/zz_generated.deepcopy.go:64.62,65.34 1 0
github.com/pischarti/nix/go/kaws/api/v1alpha1/zz_generated.deepcopy.go:65.34,67.3 1 0
github.com/pischarti/nix/go/kaws/api/v1alpha1/zz_generated.deepcopy.go:68.2,68.12 1 0
github.com/pischarti/nix/go/kaws/api/v1alpha1/zz_generated.deepcopy.go:72.67,75.27 3 0
github.com/pischarti/nix/go/kaws/api/v1alpha1/zz_generated.deepcopy.go:75.27,79.3 3 0
github.com/pischarti/nix/go/kaws/api/v1alpha1/zz_generated.deepcopy.go:80.2,81.40 2 0
github.com/pischarti/nix/go/kaws/api/v1alpha1/zz_generated.deepcopy.go:85.60,86.15 1 0
github.com/pischarti/nix/go/kaws/api/v1alpha1/zz_generated.deepcopy.go:86.15,88.3 1 0
github.com/pischarti/nix/go/kaws/api/v1alpha1/zz_generated.deepcopy.go:89.2,91.12 3 0
github.com/pischarti/nix/go/kaws/api/v1alpha1/zz_generated.deepcopy.go:95.71,98.30 3 0
github.com/pischarti/nix/go/kaws/api/v1alpha1/zz_generated.deepcopy.go:98.30,102.3 3 0
github.com/pischarti/nix/go/kaws/api/v1alpha1/zz_generated.deepcopy.go:103.2,103.30 1 0
github.com/pischarti/nix/go/kaws/api/v1alpha1/zz_generated.deepcopy.go:103.30,106.22 3 0
github.com/pischarti/nix/go/kaws/api/v1alpha1/zz_generated.deepcopy.go:106.22,108.4 1 0
github.com/pischarti/nix/go/kaws/api/v1alpha1/zz_generated.deepcopy.go:110.2,110.27 1 0
github.com/pischarti/nix/go/kaws/api/v1alpha1/zz_generated.deepcopy.go:110.27,113.29 3 0
github.com/pischarti/nix/go/kaws/api/v1alpha1/zz_generated.deepcopy.go:113.29,115.4 1 0
github.com/pischarti/nix/go/kaws/api/v1alpha1/zz_generated.deepcopy.go:120.64,121.15 1 0
github.com/pischarti/nix/go/kaws/api/v1alpha1/zz_generated.deepcopy.go:121.15,123.3 1 0
github.com/pischarti/nix/go/kaws/api/v1alpha1/zz_generated.deepcopy.go:124.2,126.12 3 0
github.com/pischarti/nix/go/kaws/api/v1alpha1/zz_generated.deepcopy.go:130.71,133.2 2 0
github.com/pischarti/nix/go/kaws/api/v1alpha1/zz_generated.deepcopy.go:136.64,137.15 1 0
github.com/pischarti/nix/go/kaws/api/v1alpha1/zz_generated.deepcopy.go:137.15,139.3 1 0
github.com/pischarti/nix/go/kaws/api/v1alpha1/zz_generated.deepcopy.go:140.2,142.12 3 0
github.com/pischarti/nix/go/kaws/cmd/operator/operator.go:33.38,69.2 8 0
github.com/pischarti/nix/go/kaws/cmd/operator/operator.go:72.59,87.18 14 0
github.com/pischarti/nix/go/kaws/cmd/operator/operator.go:87.18,89.3 1 0
github.com/pischarti/nix/go/kaws/cmd/operator/operator.go:90.2,92.12 2 0
github.com/pischarti/nix/go/kaws/cmd/operator/operator.go:92.12,100.3 7 0
github.com/pischarti/nix/go/kaws/cmd/operator/operator.go:103.2,114.16 3 0
github.com/pischarti/nix/go/kaws/cmd/operator/operator.go:114.16,116.3 1 0
github.com/pischarti/nix/go/kaws/cmd/operator/operator.go:119.2,120.84 2 0
github.com/pischarti/nix/go/kaws/cmd/operator/operator.go:120.84,121.19 1 0
github.com/pischarti/nix/go/kaws/cmd/operator/operator.go:121.19,123.4 1 0
github.com/pischarti/nix/go/kaws/cmd/operator/operator.go:124.3,124.13 1 0
github.com/pischarti/nix/go/kaws/cmd/operator/operator.go:126.2,126.16 1 0
github.com/pischarti/nix/go/kaws/cmd/operator/operator.go:126.16,128.3 1 0
github.com/pischarti/nix/go/kaws/cmd/operator/operator.go:130.2,145.97 9 0
github.com/pischarti/nix/go/kaws/cmd/operator/operator.go:145.97,147.3 1 0
github.com/pischarti/nix/go/kaws/cmd/operator/operator.go:149.2,149.6 1 0
github.com/pischarti/nix/go/kaws/cmd/operator/operator.go:149.6,150.10 1 0
github.com/pischarti/nix/go/kaws/cmd/operator/operator.go:151.18,153.14 2 0
github.com/pischarti/nix/go/kaws/cmd/operator/operator.go:154.19,155.99 1 0
github.com/pischarti/nix/go/kaws/cmd/operator/operator.go:155.99,157.5 1 0
github.com/pischarti/nix/go/kaws/cmd/operator/operator.go:163.166,166.13 2 0
github.com/pischarti/nix/go/kaws/cmd/operator/operator.go:166.13,168.3 1 0
github.com/pischarti/nix/go/kaws/cmd/operator/operator.go:171.2,174.16 2 0
github.com/pischarti/nix/go/kaws/cmd/operator/operator.go:174.16,176.3 1 0
github.com/pischarti/nix/go/kaws/cmd/operator/operator.go:179.2,182.50 2 0
github.com/pischarti/nix/go/kaws/cmd/operator/operator.go:182.50,185.31 2 0
github.com/pischarti/nix/go/kaws/cmd/operator/operator.go:185.31,186.12 1 0
github.com/pischarti/nix/go/kaws/cmd/operator/operator.go:190.3,192.29 2 0
github.com/pischarti/nix/go/kaws/cmd/operator/operator.go:192.29,193.12 1 0
github.com/pischarti/nix/go/kaws/cmd/operator/operator.go:196.3,200.17 3 0
github.com/pischarti/nix/go/kaws/cmd/operator/operator.go:200.17,202.12 2 0
github.com/pischarti/nix/go/kaws/cmd/operator/operator.go:206.3,206.43 1 0
github.com/pischarti/nix/go/kaws/cmd/operator/operator.go:206.43,207.65 1 0
github.com/pischarti/nix/go/kaws/cmd/operator/operator.go:207.65,210.19 2 0
github.com/pischarti/nix/go/kaws/cmd/operator/operator.go:210.19,211.17 1 0
github.com/pischarti/nix/go/kaws/cmd/operator/operator.go:211.17,213.7 1 0
github.com/pischarti/nix/go/kaws/cmd/operator/operator.go:214.6,214.14 1 0
github.com/pischarti/nix/go/kaws/cmd/operator/operator.go:217.5,217.35 1 0
github.com/pischarti/nix/go/kaws/cmd/operator/operator.go:217.35,218.37 1 0
github.com/pischarti/nix/go/kaws/cmd/operator/operator.go:218.37,220.7 1 0
github.com/pischarti/nix/go/kaws/cmd/operator/operator.go:227.2,227.49 1 0
github.com/pischarti/nix/go/kaws/cmd/operator/operator.go:227.49,228.41 1 0
github.com/pischarti/nix/go/kaws/cmd/operator/operator.go:228.41,232.23 2 0
github.com/pischarti/nix/go/kaws/cmd/operator/operator.go:232.23,234.5 1 0
github.com/pischarti/nix/go/kaws/cmd/operator/operator.go:234.10,238.5 2 0
github.com/pischarti/nix/go/kaws/cmd/operator/operator.go:239.9,239.21 1 0
github.com/pischarti/nix/go/kaws/cmd/operator/operator.go:239.21,242.4 1 0
github.com/pischarti/nix/go/kaws/cmd/operator/operator.go:245.2,245.46 1 0
github.com/pischarti/nix/go/kaws/cmd/operator/operator.go:245.46,247.3 1 0
github.com/pischarti/nix/go/kaws/cmd/operator/operator.go:249.2,249.12 1 0
github.com/pischarti/nix/go/kaws/cmd/operator/operator.go:253.89,260.31 5 0
github.com/pischarti/nix/go/kaws/cmd/operator/operator.go:260.31,264.72 2 0
github.com/pischarti/nix/go/kaws/cmd/operator/operator.go:264.72,265.42 1 0
github.com/pischarti/nix/go/kaws/cmd/operator/operator.go:265.42,266.13 1 0
github.com/pischarti/nix/go/kaws/cmd/operator/operator.go:270.3,270.45 1 0
github.com/pischarti/nix/go/kaws/cmd/operator/operator.go:274.2,275.37 2 0
github.com/pischarti/nix/go/kaws/cmd/operator/operator.go:275.37,278.3 2 0
github.com/pischarti/nix/go/kaws/cmd/operator/operator.go:279.2,283.55 3 0
github.com/pischarti/nix/go/kaws/cmd/operator/operator.go:283.55,284.39 1 0
github.com/pischarti/nix/go/kaws/cmd/operator/operator.go:284.39,286.4 1 0
github.com/pischarti/nix/go/kaws/cmd/operator/operator.go:288.2,290.21 2 0
github.com/pischarti/nix/go/kaws/cmd/operator/operator.go:294.112,300.16 3 0
github.com/pischarti/nix/go/kaws/cmd/operator/operator.go:300.16,302.3 1 0
github.com/pischarti/nix/go/kaws/cmd/operator/operator.go:304.2,306.50 2 0
github.com/pischarti/nix/go/kaws/cmd/operator/operator.go:306.50,307.50 1 0
github.com/pischarti/nix/go/kaws/cmd/operator/operator.go:307.50,309.38 1 0
github.com/pischarti/nix/go/kaws/cmd/operator/operator.go:309.38,310.43 1 0
github.com/pischarti/nix/go/kaws/cmd/operator/operator.go:310.43,311.14 1 0
github.com/pischarti/nix/go/kaws/cmd/operator/operator.go:314.5,314.89 1 0
github.com/pischarti/nix/go/kaws/cmd/operator/operator.go:314.89,316.6 1 0
github.com/pischarti/nix/go/kaws/cmd/operator/operator.go:321.2,321.24 1 0
github.com/pischarti/nix/go/kaws/cmd/kube/event/event.go:15.35,41.2 6 0
github.com/pischarti/nix/go/kaws/cmd/kube/event/event.go:44.56,51.16 4 0
github.com/pischarti/nix/go/kaws/cmd/kube/event/event.go:51.16,53.3 1 0
github.com/pischarti/nix/go/kaws/cmd/kube/event/event.go:56.2,57.16 2 0
github.com/pischarti/nix/go/kaws/cmd/kube/event/event.go:57.16,59.3 1 0
github.com/pischarti/nix/go/kaws/cmd/kube/event/event.go:62.2,63.16 2 0
github.com/pischarti/nix/go/kaws/cmd/kube/event/event.go:63.16,65.3 1 0
github.com/pischarti/nix/go/kaws/cmd/kube/event/event.go:68.2,69.16 2 0
github.com/pischarti/nix/go/kaws/cmd/kube/event/event.go:69.16,71.3 1 0
github.com/pischarti/nix/go/kaws/cmd/kube/event/event.go:73.2,73.13 1 0
github.com/pischarti/nix/go/kaws/cmd/kube/event/event.go:73.13,74.22 1 0
github.com/pischarti/nix/go/kaws/cmd/kube/event/event.go:74.22,76.4 1 0
github.com/pischarti/nix/go/kaws/cmd/kube/event/event.go:76.9,78.4 1 0
github.com/pischarti/nix/go/kaws/cmd/kube/event/event.go:79.3,79.66 1 0
github.com/pischarti/nix/go/kaws/cmd/kube/event/event.go:83.2,86.16 2 0
github.com/pischarti/nix/go/kaws/cmd/kube/event/event.go:86.16,88.3 1 0
github.com/pischarti/nix/go/kaws/cmd/kube/event/event.go:91.2,94.30 2 0
github.com/pischarti/nix/go/kaws/cmd/kube/event/event.go:94.30,97.3 2 0
github.com/pischarti/nix/go/kaws/cmd/kube/event/event.go:100.2,101.16 2 0
github.com/pischarti/nix/go/kaws/cmd/kube/event/event.go:101.16,103.14 1 0
github.com/pischarti/nix/go/kaws/cmd/kube/event/event.go:103.14,105.4 1 0
github.com/pischarti/nix/go/kaws/cmd/kube/event/event.go:106.3,106.23 1 0
github.com/pischarti/nix/go/kaws/cmd/kube/event/event.go:107.15,108.43 1 0
github.com/pischarti/nix/go/kaws/cmd/kube/event/event.go:109.16,112.14 3 0
github.com/pischarti/nix/go/kaws/cmd/kube/event/event.go:113.11,114.93 1 0
github.com/pischarti/nix/go/kaws/cmd/kube/event/event.go:119.2,119.22 1 0
github.com/pischarti/nix/go/kaws/cmd/kube/event/event.go:120.14,121.42 1 0
github.com/pischarti/nix/go/kaws/cmd/kube/event/event.go:122.15,125.13 3 0
github.com/pischarti/nix/go/kaws/cmd/kube/event/event.go:126.10,127.92 1 0
